#
# A fatal error has been detected by the Java Runtime Environment:
#
#  EXCEPTION_ACCESS_VIOLATION (0xc0000005) at pc=0x5b911183, pid=732, tid=1672
#
# JRE version: Java(TM) SE Runtime Environment (8.0_31-b13) (build 1.8.0_31-b13)
# Java VM: Java HotSpot(TM) Client VM (25.31-b07 mixed mode, sharing windows-x86 )
# Problematic frame:
# C  [opencv_java300.dll+0x1183]
#
# Failed to write core dump. Minidumps are not enabled by default on client versions of Windows
#
# If you would like to submit a bug report, please visit:
#   http://bugreport.java.com/bugreport/crash.jsp
# The crash happened outside the Java Virtual Machine in native code.
# See problematic frame for where to report the bug.
#

---------------  T H R E A D  ---------------

Current thread (0x01619800):  JavaThread "Finalizer" daemon [_thread_in_native, id=1672, stack(0x146c0000,0x14710000)]

siginfo: ExceptionCode=0xc0000005, writing address 0x00000014

Registers:
EAX=0x00000014, EBX=0x00000000, ECX=0xffffffff, EDX=0x01619938
ESP=0x1470f328, EBP=0x1470f338, ESI=0x1b472838, EDI=0x00000000
EIP=0x5b911183, EFLAGS=0x00010216

Top of Stack: (sp=0x1470f328)
0x1470f328:   01619800 1b472838 5b918f52 1470f358
0x1470f338:   1470f368 01b810eb 01619938 1470f358
0x1470f348:   1b472838 00000000 0161a720 1470f300
0x1470f358:   0904c518 01b6e1e1 016159dc 1470f370
0x1470f368:   1470f420 01b899f4 1b472838 00000000
0x1470f378:   00000000 04821a30 04825608 1470f3b4
0x1470f388:   1470f420 01b8572c 1470f3b4 00000000
0x1470f398:   1470f390 13c21672 1470f3cc 1483a5f8 

Instructions: (pc=0x5b911183)
0x5b911163:   cc cc cc cc cc cc cc cc cc cc cc cc cc 56 8b f1
0x5b911173:   8b 46 24 57 33 ff 3b c7 74 16 83 c9 ff 83 c0 0c
0x5b911183:   f0 0f c1 08 83 f9 01 75 07 8b ce e8 0d df 04 00
0x5b911193:   33 c0 89 7e 24 89 7e 10 89 7e 1c 89 7e 18 89 7e 


Register to memory mapping:

EAX=0x00000014 is an unknown value
EBX=0x00000000 is an unknown value
ECX=0xffffffff is an unknown value
EDX=0x01619938 is an unknown value
ESP=0x1470f328 is pointing into the stack for thread: 0x01619800
EBP=0x1470f338 is pointing into the stack for thread: 0x01619800
ESI=0x1b472838 is an unknown value
EDI=0x00000000 is an unknown value


Stack: [0x146c0000,0x14710000],  sp=0x1470f328,  free space=316k
Native frames: (J=compiled Java code, j=interpreted, Vv=VM code, C=native code)
C  [opencv_java300.dll+0x1183]
J 859  org.opencv.core.Mat.n_delete(J)V (0 bytes) @ 0x01b810eb [0x01b81060+0x8b]
J 1647 C1 org.opencv.core.Mat.finalize()V (12 bytes) @ 0x01b899f4 [0x01b899c0+0x34]
J 1614 C1 java.lang.ref.Finalizer.runFinalizer(Lsun/misc/JavaLangAccess;)V (62 bytes) @ 0x01b8572c [0x01b855a0+0x18c]
J 1613 C1 java.lang.ref.Finalizer.access$100(Ljava/lang/ref/Finalizer;Lsun/misc/JavaLangAccess;)V (6 bytes) @ 0x01b165d4 [0x01b165c0+0x14]
j  java.lang.ref.Finalizer$FinalizerThread.run()V+45
v  ~StubRoutines::call_stub
V  [jvm.dll+0x1473e5]
V  [jvm.dll+0x20d57e]
V  [jvm.dll+0x14747e]
V  [jvm.dll+0x147606]
V  [jvm.dll+0x147677]
V  [jvm.dll+0xf09df]
V  [jvm.dll+0x169acc]
V  [jvm.dll+0x16a35a]
V  [jvm.dll+0x1af0a6]
C  [msvcr100.dll+0x5c556]
C  [msvcr100.dll+0x5c600]
C  [kernel32.dll+0x4ee1c]
C  [ntdll.dll+0x637eb]
C  [ntdll.dll+0x637be]
C  0x00000000

Java frames: (J=compiled Java code, j=interpreted, Vv=VM code)
J 859  org.opencv.core.Mat.n_delete(J)V (0 bytes) @ 0x01b810a7 [0x01b81060+0x47]
J 1647 C1 org.opencv.core.Mat.finalize()V (12 bytes) @ 0x01b899f4 [0x01b899c0+0x34]
J 1614 C1 java.lang.ref.Finalizer.runFinalizer(Lsun/misc/JavaLangAccess;)V (62 bytes) @ 0x01b8572c [0x01b855a0+0x18c]
J 1613 C1 java.lang.ref.Finalizer.access$100(Ljava/lang/ref/Finalizer;Lsun/misc/JavaLangAccess;)V (6 bytes) @ 0x01b165d4 [0x01b165c0+0x14]
j  java.lang.ref.Finalizer$FinalizerThread.run()V+45
v  ~StubRoutines::call_stub

---------------  P R O C E S S  ---------------

Java Threads: ( => current thread )
  0x0044bc00 JavaThread "DestroyJavaVM" [_thread_blocked, id=4248, stack(0x01280000,0x012d0000)]
  0x176f3000 JavaThread "Write Manager Thread" [_thread_in_native, id=5232, stack(0x188f0000,0x18940000)]
  0x17701400 JavaThread "D3D Screen Updater" daemon [_thread_blocked, id=3632, stack(0x186d0000,0x18720000)]
  0x150e9800 JavaThread "TimerQueue" daemon [_thread_blocked, id=736, stack(0x17590000,0x175e0000)]
  0x15096800 JavaThread "AWT-EventQueue-0" [_thread_in_native, id=2280, stack(0x13a60000,0x13ab0000)]
  0x14fe2400 JavaThread "AWT-Windows" daemon [_thread_in_native, id=2824, stack(0x15650000,0x156a0000)]
  0x14fe1000 JavaThread "AWT-Shutdown" [_thread_blocked, id=3132, stack(0x154d0000,0x15520000)]
  0x14fde400 JavaThread "Java2D Disposer" daemon [_thread_blocked, id=5468, stack(0x15250000,0x152a0000)]
  0x01651000 JavaThread "Service Thread" daemon [_thread_blocked, id=1912, stack(0x14670000,0x146c0000)]
  0x0162a800 JavaThread "C1 CompilerThread0" daemon [_thread_blocked, id=6000, stack(0x145d0000,0x14620000)]
  0x01628c00 JavaThread "Attach Listener" daemon [_thread_blocked, id=1352, stack(0x14760000,0x147b0000)]
  0x01626000 JavaThread "Signal Dispatcher" daemon [_thread_blocked, id=5748, stack(0x14d50000,0x14da0000)]
=>0x01619800 JavaThread "Finalizer" daemon [_thread_in_native, id=1672, stack(0x146c0000,0x14710000)]
  0x01614800 JavaThread "Reference Handler" daemon [_thread_blocked, id=5684, stack(0x13b80000,0x13bd0000)]

Other Threads:
  0x01612800 VMThread [stack: 0x13ab0000,0x13b00000] [id=5508]
  0x01668400 WatcherThread [stack: 0x14f00000,0x14f50000] [id=4496]

VM state:not at safepoint (normal execution)

VM Mutex/Monitor currently owned by a thread: None

Heap:
 def new generation   total 13568K, used 2273K [0x03a00000, 0x048b0000, 0x08f50000)
  eden space 12096K,  11% used [0x03a00000, 0x03b530c8, 0x045d0000)
  from space 1472K,  62% used [0x04740000, 0x048256b8, 0x048b0000)
  to   space 1472K,   0% used [0x045d0000, 0x045d0000, 0x04740000)
 tenured generation   total 29932K, used 21447K [0x08f50000, 0x0ac8b000, 0x13a00000)
   the space 29932K,  71% used [0x08f50000, 0x0a441db8, 0x0a441e00, 0x0ac8b000)
 Metaspace       used 1733K, capacity 2819K, committed 2880K, reserved 4480K

Card table byte_map: [0x01190000,0x01220000] byte_map_base: 0x01173000

Polling page: 0x00270000

CodeCache: size=32768Kb used=2144Kb max_used=2356Kb free=30623Kb
 bounds [0x019b0000, 0x01c00000, 0x039b0000]
 total_blobs=1379 nmethods=973 adapters=336
 compilation: enabled

Compilation events (10 events):
Event: 78.953 Thread 0x0162a800 1858             java.lang.StringBuilder::append (8 bytes)
Event: 78.954 Thread 0x0162a800 nmethod 1858 0x01bc0308 code [0x01bc0400, 0x01bc049c]
Event: 79.039 Thread 0x0162a800 1859             javax.swing.plaf.basic.BasicLabelUI::getPreferredSize (399 bytes)
Event: 79.041 Thread 0x0162a800 nmethod 1859 0x01b414c8 code [0x01b41650, 0x01b41c10]
Event: 79.110 Thread 0x0162a800 1860             sun.misc.FloatingDecimal$BinaryToASCIIBuffer::access$000 (6 bytes)
Event: 79.111 Thread 0x0162a800 nmethod 1860 0x01bc0108 code [0x01bc0200, 0x01bc0270]
Event: 79.111 Thread 0x0162a800 1861             sun.misc.FloatingDecimal$BinaryToASCIIBuffer::setSign (6 bytes)
Event: 79.111 Thread 0x0162a800 nmethod 1861 0x01bbff48 code [0x01bc0040, 0x01bc00c0]
Event: 79.111 Thread 0x0162a800 1862             sun.misc.FloatingDecimal$BinaryToASCIIBuffer::access$100 (11 bytes)
Event: 79.111 Thread 0x0162a800 nmethod 1862 0x01b296c8 code [0x01b297c0, 0x01b2986c]

GC Heap History (10 events):
Event: 78.263 GC heap before
{Heap before GC invocations=822 (full 87):
 def new generation   total 13568K, used 12300K [0x03a00000, 0x048b0000, 0x08f50000)
  eden space 12096K,  94% used [0x03a00000, 0x0451fd28, 0x045d0000)
  from space 1472K,  61% used [0x045d0000, 0x046b32f0, 0x04740000)
  to   space 1472K,   0% used [0x04740000, 0x04740000, 0x048b0000)
 tenured generation   total 29932K, used 17846K [0x08f50000, 0x0ac8b000, 0x13a00000)
   the space 29932K,  59% used [0x08f50000, 0x0a0bdab0, 0x0a0bdc00, 0x0ac8b000)
 Metaspace       used 1733K, capacity 2819K, committed 2880K, reserved 4480K
Event: 78.265 GC heap after
Heap after GC invocations=823 (full 87):
 def new generation   total 13568K, used 9K [0x03a00000, 0x048b0000, 0x08f50000)
  eden space 12096K,   0% used [0x03a00000, 0x03a00000, 0x045d0000)
  from space 1472K,   0% used [0x04740000, 0x047426f0, 0x048b0000)
  to   space 1472K,   0% used [0x045d0000, 0x045d0000, 0x04740000)
 tenured generation   total 29932K, used 17846K [0x08f50000, 0x0ac8b000, 0x13a00000)
   the space 29932K,  59% used [0x08f50000, 0x0a0bdbb0, 0x0a0bdc00, 0x0ac8b000)
 Metaspace       used 1733K, capacity 2819K, committed 2880K, reserved 4480K
}
Event: 78.566 GC heap before
{Heap before GC invocations=823 (full 87):
 def new generation   total 13568K, used 12217K [0x03a00000, 0x048b0000, 0x08f50000)
  eden space 12096K,  93% used [0x03a00000, 0x0450b068, 0x045d0000)
  from space 1472K,  61% used [0x04740000, 0x04823700, 0x048b0000)
  to   space 1472K,   0% used [0x045d0000, 0x045d0000, 0x04740000)
 tenured generation   total 29932K, used 17846K [0x08f50000, 0x0ac8b000, 0x13a00000)
   the space 29932K,  59% used [0x08f50000, 0x0a0bdbb0, 0x0a0bdc00, 0x0ac8b000)
 Metaspace       used 1733K, capacity 2819K, committed 2880K, reserved 4480K
Event: 78.569 GC heap after
Heap after GC invocations=824 (full 87):
 def new generation   total 13568K, used 913K [0x03a00000, 0x048b0000, 0x08f50000)
  eden space 12096K,   0% used [0x03a00000, 0x03a00000, 0x045d0000)
  from space 1472K,  62% used [0x045d0000, 0x046b4680, 0x04740000)
  to   space 1472K,   0% used [0x04740000, 0x04740000, 0x048b0000)
 tenured generation   total 29932K, used 18746K [0x08f50000, 0x0ac8b000, 0x13a00000)
   the space 29932K,  62% used [0x08f50000, 0x0a19ebc0, 0x0a19ec00, 0x0ac8b000)
 Metaspace       used 1733K, capacity 2819K, committed 2880K, reserved 4480K
}
Event: 78.827 GC heap before
{Heap before GC invocations=824 (full 87):
 def new generation   total 13568K, used 12269K [0x03a00000, 0x048b0000, 0x08f50000)
  eden space 12096K,  93% used [0x03a00000, 0x04516df8, 0x045d0000)
  from space 1472K,  62% used [0x045d0000, 0x046b4680, 0x04740000)
  to   space 1472K,   0% used [0x04740000, 0x04740000, 0x048b0000)
 tenured generation   total 29932K, used 18746K [0x08f50000, 0x0ac8b000, 0x13a00000)
   the space 29932K,  62% used [0x08f50000, 0x0a19ebc0, 0x0a19ec00, 0x0ac8b000)
 Metaspace       used 1733K, capacity 2819K, committed 2880K, reserved 4480K
Event: 78.831 GC heap after
Heap after GC invocations=825 (full 87):
 def new generation   total 13568K, used 912K [0x03a00000, 0x048b0000, 0x08f50000)
  eden space 12096K,   0% used [0x03a00000, 0x03a00000, 0x045d0000)
  from space 1472K,  62% used [0x04740000, 0x04824308, 0x048b0000)
  to   space 1472K,   0% used [0x045d0000, 0x045d0000, 0x04740000)
 tenured generation   total 29932K, used 19647K [0x08f50000, 0x0ac8b000, 0x13a00000)
   the space 29932K,  65% used [0x08f50000, 0x0a27fd08, 0x0a27fe00, 0x0ac8b000)
 Metaspace       used 1733K, capacity 2819K, committed 2880K, reserved 4480K
}
Event: 79.154 GC heap before
{Heap before GC invocations=825 (full 87):
 def new generation   total 13568K, used 12245K [0x03a00000, 0x048b0000, 0x08f50000)
  eden space 12096K,  93% used [0x03a00000, 0x04511440, 0x045d0000)
  from space 1472K,  62% used [0x04740000, 0x04824308, 0x048b0000)
  to   space 1472K,   0% used [0x045d0000, 0x045d0000, 0x04740000)
 tenured generation   total 29932K, used 20547K [0x08f50000, 0x0ac8b000, 0x13a00000)
   the space 29932K,  68% used [0x08f50000, 0x0a360d18, 0x0a360e00, 0x0ac8b000)
 Metaspace       used 1733K, capacity 2819K, committed 2880K, reserved 4480K
Event: 79.155 GC heap after
Heap after GC invocations=826 (full 87):
 def new generation   total 13568K, used 17K [0x03a00000, 0x048b0000, 0x08f50000)
  eden space 12096K,   0% used [0x03a00000, 0x03a00000, 0x045d0000)
  from space 1472K,   1% used [0x045d0000, 0x045d4488, 0x04740000)
  to   space 1472K,   0% used [0x04740000, 0x04740000, 0x048b0000)
 tenured generation   total 29932K, used 20547K [0x08f50000, 0x0ac8b000, 0x13a00000)
   the space 29932K,  68% used [0x08f50000, 0x0a360da8, 0x0a360e00, 0x0ac8b000)
 Metaspace       used 1733K, capacity 2819K, committed 2880K, reserved 4480K
}
Event: 79.423 GC heap before
{Heap before GC invocations=826 (full 87):
 def new generation   total 13568K, used 12260K [0x03a00000, 0x048b0000, 0x08f50000)
  eden space 12096K,  93% used [0x03a00000, 0x04513e10, 0x045d0000)
  from space 1472K,  62% used [0x045d0000, 0x046b5498, 0x04740000)
  to   space 1472K,   0% used [0x04740000, 0x04740000, 0x048b0000)
 tenured generation   total 29932K, used 20547K [0x08f50000, 0x0ac8b000, 0x13a00000)
   the space 29932K,  68% used [0x08f50000, 0x0a360da8, 0x0a360e00, 0x0ac8b000)
 Metaspace       used 1733K, capacity 2819K, committed 2880K, reserved 4480K
Event: 79.426 GC heap after
Heap after GC invocations=827 (full 87):
 def new generation   total 13568K, used 917K [0x03a00000, 0x048b0000, 0x08f50000)
  eden space 12096K,   0% used [0x03a00000, 0x03a00000, 0x045d0000)
  from space 1472K,  62% used [0x04740000, 0x048256b8, 0x048b0000)
  to   space 1472K,   0% used [0x045d0000, 0x045d0000, 0x04740000)
 tenured generation   total 29932K, used 21447K [0x08f50000, 0x0ac8b000, 0x13a00000)
   the space 29932K,  71% used [0x08f50000, 0x0a441db8, 0x0a441e00, 0x0ac8b000)
 Metaspace       used 1733K, capacity 2819K, committed 2880K, reserved 4480K
}

Deoptimization events (0 events):
No events

Internal exceptions (10 events):
Event: 19.227 Thread 0x176f3000 Exception <a 'java/net/UnknownHostException': roboRIO-5113.local> (0x03bd8a20) thrown at [C:\re\workspace\8-2-build-windows-i586-cygwin\jdk8u31\2394\hotspot\src\share\vm\prims\jni.cpp, line 742]
Event: 33.340 Thread 0x176f3000 Exception <a 'java/net/UnknownHostException': roboRIO-5113.local> (0x03aeda88) thrown at [C:\re\workspace\8-2-build-windows-i586-cygwin\jdk8u31\2394\hotspot\src\share\vm\prims\jni.cpp, line 742]
Event: 48.645 Thread 0x176f3000 Exception <a 'java/net/UnknownHostException': roboRIO-5113.local> (0x0416a6d8) thrown at [C:\re\workspace\8-2-build-windows-i586-cygwin\jdk8u31\2394\hotspot\src\share\vm\prims\jni.cpp, line 742]
Event: 49.600 Thread 0x15096800 Exception <a 'java/security/PrivilegedActionException'> (0x03db0d98) thrown at [C:\re\workspace\8-2-build-windows-i586-cygwin\jdk8u31\2394\hotspot\src\share\vm\prims\jvm.cpp, line 1312]
Event: 49.600 Thread 0x15096800 Exception <a 'java/security/PrivilegedActionException'> (0x03db23f8) thrown at [C:\re\workspace\8-2-build-windows-i586-cygwin\jdk8u31\2394\hotspot\src\share\vm\prims\jvm.cpp, line 1312]
Event: 49.615 Thread 0x15096800 Exception <a 'java/security/PrivilegedActionException'> (0x03db53b0) thrown at [C:\re\workspace\8-2-build-windows-i586-cygwin\jdk8u31\2394\hotspot\src\share\vm\prims\jvm.cpp, line 1312]
Event: 49.616 Thread 0x15096800 Exception <a 'java/security/PrivilegedActionException'> (0x03db6ab8) thrown at [C:\re\workspace\8-2-build-windows-i586-cygwin\jdk8u31\2394\hotspot\src\share\vm\prims\jvm.cpp, line 1312]
Event: 64.570 Thread 0x176f3000 Exception <a 'java/net/UnknownHostException': roboRIO-5113.local> (0x03c12710) thrown at [C:\re\workspace\8-2-build-windows-i586-cygwin\jdk8u31\2394\hotspot\src\share\vm\prims\jni.cpp, line 742]
Event: 79.423 Thread 0x0044bc00 Exception <a 'java/lang/Exception': unknown exception> (0x03a09438) thrown at [C:\re\workspace\8-2-build-windows-i586-cygwin\jdk8u31\2394\hotspot\src\share\vm\prims\jni.cpp, line 742]
Event: 79.438 Thread 0x0044bc00 Exception <a 'java/lang/Exception': unknown exception> (0x03a02500) thrown at [C:\re\workspace\8-2-build-windows-i586-cygwin\jdk8u31\2394\hotspot\src\share\vm\prims\jni.cpp, line 742]

Events (10 events):
Event: 79.117 Executing VM operation: GenCollectForAllocation
Event: 79.118 Executing VM operation: GenCollectForAllocation done
Event: 79.154 Executing VM operation: GenCollectFull
Event: 79.155 Executing VM operation: GenCollectFull done
Event: 79.423 Executing VM operation: GenCollectForAllocation
Event: 79.423 Executing VM operation: GenCollectForAllocation done
Event: 79.423 Executing VM operation: GenCollectFull
Event: 79.426 Executing VM operation: GenCollectFull done
Event: 79.439 Thread 0x0044bc00 Thread exited: 0x0044bc00
Event: 79.439 Thread 0x0044bc00 Thread added: 0x0044bc00


Dynamic libraries:
0x00060000 - 0x00090000 	C:\Program Files\Java\jre1.8.0_31\bin\javaw.exe
0x77390000 - 0x774cc000 	C:\Windows\SYSTEM32\ntdll.dll
0x75c00000 - 0x75cd4000 	C:\Windows\system32\kernel32.dll
0x755c0000 - 0x7560b000 	C:\Windows\system32\KERNELBASE.dll
0x76bf0000 - 0x76c90000 	C:\Windows\system32\ADVAPI32.dll
0x76a80000 - 0x76b2c000 	C:\Windows\system32\msvcrt.dll
0x77540000 - 0x77559000 	C:\Windows\SYSTEM32\sechost.dll
0x75800000 - 0x758a2000 	C:\Windows\system32\RPCRT4.dll
0x756b0000 - 0x75779000 	C:\Windows\system32\USER32.dll
0x770d0000 - 0x7711e000 	C:\Windows\system32\GDI32.dll
0x75bf0000 - 0x75bfa000 	C:\Windows\system32\LPK.dll
0x76b30000 - 0x76bcd000 	C:\Windows\system32\USP10.dll
0x748b0000 - 0x74a4e000 	C:\Windows\WinSxS\x86_microsoft.windows.common-controls_6595b64144ccf1df_6.0.7601.17514_none_41e6975e2bd6f2b2\COMCTL32.dll
0x77560000 - 0x775b7000 	C:\Windows\system32\SHLWAPI.dll
0x76bd0000 - 0x76bef000 	C:\Windows\system32\IMM32.DLL
0x77120000 - 0x771ec000 	C:\Windows\system32\MSCTF.dll
0x62b10000 - 0x62bcf000 	C:\Program Files\Java\jre1.8.0_31\bin\msvcr100.dll
0x5e190000 - 0x5e534000 	C:\Program Files\Java\jre1.8.0_31\bin\client\jvm.dll
0x71450000 - 0x71457000 	C:\Windows\system32\WSOCK32.dll
0x77500000 - 0x77535000 	C:\Windows\system32\WS2_32.dll
0x774f0000 - 0x774f6000 	C:\Windows\system32\NSI.dll
0x717e0000 - 0x71812000 	C:\Windows\system32\WINMM.dll
0x774d0000 - 0x774d5000 	C:\Windows\system32\PSAPI.DLL
0x73cd0000 - 0x73cdc000 	C:\Program Files\Java\jre1.8.0_31\bin\verify.dll
0x73800000 - 0x73821000 	C:\Program Files\Java\jre1.8.0_31\bin\java.dll
0x73840000 - 0x73853000 	C:\Program Files\Java\jre1.8.0_31\bin\zip.dll
0x75ce0000 - 0x7692a000 	C:\Windows\system32\SHELL32.dll
0x75a90000 - 0x75bec000 	C:\Windows\system32\ole32.dll
0x75390000 - 0x7539b000 	C:\Windows\system32\profapi.dll
0x5b910000 - 0x5cd48000 	C:\Users\Lemons\Documents\GitHub\IRIS-5113\lib\x86\opencv_java300.dll
0x6a750000 - 0x6a769000 	C:\Windows\system32\AVIFIL32.dll
0x6a000000 - 0x6a014000 	C:\Windows\system32\MSACM32.dll
0x65970000 - 0x65991000 	C:\Windows\system32\MSVFW32.dll
0x65950000 - 0x65963000 	C:\Windows\system32\AVICAP32.dll
0x74630000 - 0x74639000 	C:\Windows\system32\VERSION.dll
0x76f20000 - 0x76faf000 	C:\Windows\system32\OLEAUT32.dll
0x60490000 - 0x605d6000 	C:\Program Files\Java\jre1.8.0_31\bin\awt.dll
0x73ad0000 - 0x73ae3000 	C:\Windows\system32\DWMAPI.DLL
0x73c80000 - 0x73cc0000 	C:\Windows\system32\uxtheme.dll
0x752b0000 - 0x752bc000 	C:\Windows\system32\CRYPTBASE.dll
0x65600000 - 0x657c3000 	C:\Windows\system32\d3d9.dll
0x655f0000 - 0x655f6000 	C:\Windows\system32\d3d8thk.dll
0x70260000 - 0x70666000 	C:\Windows\system32\atiumdag.dll
0x6f2d0000 - 0x6f770000 	C:\Windows\system32\atiumdva.dll
0x62970000 - 0x629a9000 	C:\Program Files\Java\jre1.8.0_31\bin\fontmanager.dll
0x738f0000 - 0x73905000 	C:\Program Files\Java\jre1.8.0_31\bin\net.dll
0x74d60000 - 0x74d9c000 	C:\Windows\system32\mswsock.dll
0x74d50000 - 0x74d56000 	C:\Windows\System32\wship6.dll
0x73cc0000 - 0x73ccf000 	C:\Program Files\Java\jre1.8.0_31\bin\nio.dll
0x63a20000 - 0x63a50000 	C:\Program Files\Java\jre1.8.0_31\bin\t2k.dll
0x76fb0000 - 0x77033000 	C:\Windows\system32\CLBCatQ.DLL
0x73970000 - 0x73aa0000 	C:\Windows\system32\WindowsCodecs.dll
0x75260000 - 0x752ac000 	C:\Windows\system32\apphelp.dll
0x70e00000 - 0x70eb6000 	C:\Program Files\AVAST Software\Avast\ashShell.dll
0x6f980000 - 0x6fbc5000 	C:\Windows\system32\msi.dll
0x6f940000 - 0x6f971000 	C:\Windows\system32\EhStorShell.dll
0x771f0000 - 0x7738d000 	C:\Windows\system32\SETUPAPI.dll
0x75650000 - 0x75677000 	C:\Windows\system32\CFGMGR32.dll
0x753e0000 - 0x753f2000 	C:\Windows\system32\DEVOBJ.dll
0x73dd0000 - 0x73ec5000 	C:\Windows\system32\PROPSYS.dll
0x6f8b0000 - 0x6f93f000 	C:\Program Files\Google\Drive\googledrivesync32.dll
0x6f800000 - 0x6f88e000 	C:\Windows\WinSxS\x86_microsoft.vc90.crt_1fc8b3b9a1e18e3b_9.0.30729.6161_none_50934f2ebcb7eb57\MSVCP90.dll
0x6f220000 - 0x6f2c3000 	C:\Windows\WinSxS\x86_microsoft.vc90.crt_1fc8b3b9a1e18e3b_9.0.30729.6161_none_50934f2ebcb7eb57\MSVCR90.dll
0x6e8c0000 - 0x6e92a000 	C:\Windows\System32\cscui.dll
0x6e8b0000 - 0x6e8b9000 	C:\Windows\System32\CSCDLL.dll
0x6e8a0000 - 0x6e8ab000 	C:\Windows\system32\CSCAPI.dll
0x6e830000 - 0x6e8a0000 	C:\Windows\system32\ntshrui.dll
0x75190000 - 0x751a9000 	C:\Windows\system32\srvcli.dll
0x73420000 - 0x7342a000 	C:\Windows\system32\slc.dll
0x74420000 - 0x74425000 	C:\Windows\System32\wshtcpip.dll
0x74c20000 - 0x74c64000 	C:\Windows\system32\DNSAPI.dll
0x63560000 - 0x63568000 	C:\Program Files\National Instruments\Shared\mDNS Responder\nimdnsNSP.dll
0x63550000 - 0x6355b000 	C:\Windows\system32\nimdnsResponder.dll
0x71e50000 - 0x71e6c000 	C:\Windows\system32\Iphlpapi.DLL
0x71e40000 - 0x71e47000 	C:\Windows\system32\WINNSI.DLL
0x734d0000 - 0x734e0000 	C:\Windows\system32\NLAapi.dll
0x73940000 - 0x73950000 	C:\Windows\system32\napinsp.dll
0x73920000 - 0x73932000 	C:\Windows\system32\pnrpnsp.dll
0x73910000 - 0x73918000 	C:\Windows\System32\winrnr.dll
0x71d00000 - 0x71d38000 	C:\Windows\System32\fwpuclnt.dll
0x6cc70000 - 0x6cc76000 	C:\Windows\system32\rasadhlp.dll
0x63a90000 - 0x63aa4000 	C:\Windows\system32\devenum.dll
0x73720000 - 0x73741000 	C:\Windows\system32\ntmarta.dll
0x76c90000 - 0x76cd5000 	C:\Windows\system32\WLDAP32.dll
0x75610000 - 0x7563e000 	C:\Windows\system32\WINTRUST.dll
0x75410000 - 0x75530000 	C:\Windows\system32\CRYPT32.dll
0x753a0000 - 0x753ac000 	C:\Windows\system32\MSASN1.dll
0x6cb90000 - 0x6cb9b000 	C:\Windows\system32\msdmo.dll
0x62750000 - 0x62782000 	C:\Windows\system32\qcap.dll
0x657d0000 - 0x65947000 	C:\Windows\system32\quartz.dll
0x651a0000 - 0x651d3000 	C:\Windows\system32\ksproxy.ax
0x6a030000 - 0x6a034000 	C:\Windows\system32\ksuser.dll
0x69fb0000 - 0x69fb9000 	C:\Windows\system32\vidcap.ax
0x69f80000 - 0x69f9d000 	C:\Windows\system32\kswdmcap.ax
0x5e7d0000 - 0x5e8ec000 	C:\Windows\system32\MFC42.dll
0x61f60000 - 0x61fec000 	C:\Windows\system32\ODBC32.dll
0x65160000 - 0x65198000 	C:\Windows\system32\odbcint.dll
0x61ee0000 - 0x61f60000 	C:\Windows\System32\qedit.dll
0x75780000 - 0x757fb000 	C:\Windows\system32\COMDLG32.dll
0x74720000 - 0x748b0000 	C:\Windows\WinSxS\x86_microsoft.windows.gdiplus_6595b64144ccf1df_1.1.7601.18455_none_72d576ad8665e853\gdiplus.dll
0x5e6e0000 - 0x5e7c7000 	C:\Windows\system32\DDRAW.dll
0x66160000 - 0x66166000 	C:\Windows\system32\DCIMAN32.dll
0x5e610000 - 0x5e6dc000 	C:\Windows\system32\D3DIM700.DLL
0x69f70000 - 0x69f79000 	C:\Windows\system32\msyuv.dll
0x14d30000 - 0x14d42000 	C:\Program Files\LENOVO\HOTKEY\hkvolkey.DLL
0x6e4a0000 - 0x6e58b000 	C:\Windows\system32\dbghelp.dll

VM Arguments:
jvm_args: -Djava.library.path=C:\Users\Lemons\Documents\GitHub\IRIS-5113\lib\x86 -Dfile.encoding=Cp1252 
java_command: org.lemons5113.iris.IRISMain
java_class_path (initial): C:\Users\Lemons\Documents\GitHub\IRIS-5113\bin;C:\Users\Lemons\Documents\GitHub\IRIS-5113\lib\NetworkTables.jar;C:\Users\Lemons\Documents\GitHub\IRIS-5113\lib\opencv-300.jar;C:\Users\Lemons\Documents\GitHub\IRIS-5113\lib\SmartDashboard.jar;C:\Users\Lemons\Documents\GitHub\IRIS-5113\lib\WPILib.jar
Launcher Type: SUN_STANDARD

Environment Variables:
PATH=C:/Program Files/Java/jre1.8.0_31/bin/client;C:/Program Files/Java/jre1.8.0_31/bin;C:/Program Files/Java/jre1.8.0_31/lib/i386;C:\ProgramData\Oracle\Java\javapath;C:\Windows\system32;C:\Windows;C:\Windows\System32\Wbem;C:\Windows\System32\WindowsPowerShell\v1.0\;C:\Users\Lemons\Desktop\eclipse;
USERNAME=Lemons
OS=Windows_NT
PROCESSOR_IDENTIFIER=x86 Family 6 Model 14 Stepping 8, GenuineIntel



---------------  S Y S T E M  ---------------

OS: Windows 7 Build 7601 Service Pack 1

CPU:total 2 (2 cores per cpu, 1 threads per core) family 6 model 14 stepping 8, cmov, cx8, fxsr, mmx, sse, sse2, sse3, tsc

Memory: 4k page, physical 2095544k(686776k free), swap 4191088k(2267784k free)

vm_info: Java HotSpot(TM) Client VM (25.31-b07) for windows-x86 JRE (1.8.0_31-b13), built on Dec 17 2014 20:46:12 by "java_re" with MS VC++ 10.0 (VS2010)

time: Mon Feb 09 15:36:52 2015
elapsed time: 79 seconds (0d 0h 1m 19s)

